<?xml version="1.0" encoding="UTF-8"?>
<!-- Generated by org.testng.reporters.JUnitReportReporter -->
<testsuite hostname="LAPTOP-KR1CIUNE" failures="0" tests="1" name="Day2" time="0.001" errors="0" timestamp="2021-03-16T12:48:43 IST" skipped="0">
  <testcase classname="Day2" name="ploan" time="0.001"/>
  <system-out/>
</testsuite> <!-- Day2 -->
