<?xml version="1.0" encoding="UTF-8"?>
<!-- Generated by org.testng.reporters.JUnitReportReporter -->
<testsuite hostname="LAPTOP-KR1CIUNE" failures="0" tests="3" name="Test.Day3" time="0.005" errors="0" timestamp="2021-03-23T10:21:18 IST" skipped="0">
  <testcase classname="Test.Day3" name="mobileLoginCarloan" time="0.002"/>
  <system-out/>
  <testcase classname="Test.Day3" name="loginAPICarloan" time="0.002"/>
  <system-out/>
  <testcase classname="Test.Day3" name="webLoginCarloan" time="0.001"/>
  <system-out/>
</testsuite> <!-- Test.Day3 -->
