<?xml version="1.0" encoding="UTF-8"?>
<!-- Generated by org.testng.reporters.JUnitReportReporter -->
<testsuite hostname="LAPTOP-KR1CIUNE" failures="0" tests="2" name="Day1" time="0.011" errors="0" timestamp="2021-03-16T12:48:43 IST" skipped="0">
  <testcase classname="Day1" name="secondTest" time="0.001"/>
  <system-out/>
  <testcase classname="Day1" name="firstTest" time="0.010"/>
  <system-out/>
</testsuite> <!-- Day1 -->
